<?xml version="1.0" encoding="UTF-8"?>
<testng-results skipped="0" failed="1" ignored="0" total="1" passed="0">
  <reporter-output>
  </reporter-output>
  <suite name="Default suite" duration-ms="13419" started-at="2017-12-12T09:22:23Z" finished-at="2017-12-12T09:22:37Z">
    <groups>
    </groups>
    <test name="Default test" duration-ms="13419" started-at="2017-12-12T09:22:23Z" finished-at="2017-12-12T09:22:37Z">
      <class name="com.num1.NewTest">
        <test-method status="PASS" signature="setUp()[pri:0, instance:com.num1.NewTest@7cbd213e]" name="setUp" is-config="true" duration-ms="13375" started-at="2017-12-12T17:22:23Z" finished-at="2017-12-12T17:22:37Z">
          <reporter-output>
          </reporter-output>
        </test-method> <!-- setUp -->
        <test-method status="FAIL" signature="addContact()[pri:0, instance:com.num1.NewTest@7cbd213e]" name="addContact" duration-ms="15" started-at="2017-12-12T17:22:37Z" finished-at="2017-12-12T17:22:37Z">
          <exception class="org.openqa.selenium.InvalidSelectorException">
            <message>
              <![CDATA[Locator Strategy 'name' is not supported for this session (WARNING: The server did not provide any stacktrace information)Command duration or timeout: 7 millisecondsFor documentation on this error, please visit: http://seleniumhq.org/exceptions/invalid_selector_exception.htmlBuild info: version: '2.52.0', revision: '4c2593cfc3689a7fcd7be52549167e5ccc93ad28', time: '2016-02-11 11:22:43'System info: host: 'SKY-20171101KU2', ip: '172.16.30.241', os.name: 'Windows 7', os.arch: 'amd64', os.version: '6.1', java.version: '1.8.0_144'Driver info: io.appium.java_client.android.AndroidDriverCapabilities [{app=C:\Users\Administrator\Desktop\workspace\num1\apps\ContactManager.apk, appPackage=com.example.android.contactmanager, deviceScreenSize=1080x1920, networkConnectionEnabled=true, warnings={}, databaseEnabled=false, deviceName=3HX7N17213010764, platform=LINUX, deviceUDID=3HX7N17213010764, appActivity=.ContactManager, desired={app=C:\Users\Administrator\Desktop\workspace\num1\apps\ContactManager.apk, appPackage=com.example.android.contactmanager, appActivity=.ContactManager, platformVersion=7.0, platformName=Android, deviceName=HUAWEI}, platformVersion=7.0, webStorageEnabled=false, locationContextEnabled=false, takesScreenshot=true, javascriptEnabled=true, deviceModel=MHA-AL00, platformName=Android, deviceManufacturer=HUAWEI}]Session ID: f4c1a8c0-3942-4b31-8020-48aa258fb7c3*** Element info: {Using=name, value=Add Contact}]]>
            </message>
            <full-stacktrace>
              <![CDATA[org.openqa.selenium.InvalidSelectorException: Locator Strategy 'name' is not supported for this session (WARNING: The server did not provide any stacktrace information)Command duration or timeout: 7 millisecondsFor documentation on this error, please visit: http://seleniumhq.org/exceptions/invalid_selector_exception.htmlBuild info: version: '2.52.0', revision: '4c2593cfc3689a7fcd7be52549167e5ccc93ad28', time: '2016-02-11 11:22:43'System info: host: 'SKY-20171101KU2', ip: '172.16.30.241', os.name: 'Windows 7', os.arch: 'amd64', os.version: '6.1', java.version: '1.8.0_144'Driver info: io.appium.java_client.android.AndroidDriverCapabilities [{app=C:\Users\Administrator\Desktop\workspace\num1\apps\ContactManager.apk, appPackage=com.example.android.contactmanager, deviceScreenSize=1080x1920, networkConnectionEnabled=true, warnings={}, databaseEnabled=false, deviceName=3HX7N17213010764, platform=LINUX, deviceUDID=3HX7N17213010764, appActivity=.ContactManager, desired={app=C:\Users\Administrator\Desktop\workspace\num1\apps\ContactManager.apk, appPackage=com.example.android.contactmanager, appActivity=.ContactManager, platformVersion=7.0, platformName=Android, deviceName=HUAWEI}, platformVersion=7.0, webStorageEnabled=false, locationContextEnabled=false, takesScreenshot=true, javascriptEnabled=true, deviceModel=MHA-AL00, platformName=Android, deviceManufacturer=HUAWEI}]Session ID: f4c1a8c0-3942-4b31-8020-48aa258fb7c3*** Element info: {Using=name, value=Add Contact}at sun.reflect.NativeConstructorAccessorImpl.newInstance0(Native Method)at sun.reflect.NativeConstructorAccessorImpl.newInstance(Unknown Source)at sun.reflect.DelegatingConstructorAccessorImpl.newInstance(Unknown Source)at java.lang.reflect.Constructor.newInstance(Unknown Source)at org.openqa.selenium.remote.ErrorHandler.createThrowable(ErrorHandler.java:206)at org.openqa.selenium.remote.ErrorHandler.throwIfResponseFailed(ErrorHandler.java:158)at org.openqa.selenium.remote.RemoteWebDriver.execute(RemoteWebDriver.java:678)at io.appium.java_client.DefaultGenericMobileDriver.execute(DefaultGenericMobileDriver.java:42)at io.appium.java_client.AppiumDriver.execute(AppiumDriver.java:1)at io.appium.java_client.android.AndroidDriver.execute(AndroidDriver.java:1)at org.openqa.selenium.remote.RemoteWebDriver.findElement(RemoteWebDriver.java:363)at org.openqa.selenium.remote.RemoteWebDriver.findElementByName(RemoteWebDriver.java:461)at io.appium.java_client.DefaultGenericMobileDriver.findElementByName(DefaultGenericMobileDriver.java:102)at io.appium.java_client.AppiumDriver.findElementByName(AppiumDriver.java:1)at io.appium.java_client.android.AndroidDriver.findElementByName(AndroidDriver.java:1)at org.openqa.selenium.By$ByName.findElement(By.java:303)at org.openqa.selenium.remote.RemoteWebDriver.findElement(RemoteWebDriver.java:355)at io.appium.java_client.DefaultGenericMobileDriver.findElement(DefaultGenericMobileDriver.java:52)at io.appium.java_client.AppiumDriver.findElement(AppiumDriver.java:1)at io.appium.java_client.android.AndroidDriver.findElement(AndroidDriver.java:1)at com.num1.NewTest.addContact(NewTest.java:63)at sun.reflect.NativeMethodAccessorImpl.invoke0(Native Method)at sun.reflect.NativeMethodAccessorImpl.invoke(Unknown Source)at sun.reflect.DelegatingMethodAccessorImpl.invoke(Unknown Source)at java.lang.reflect.Method.invoke(Unknown Source)at org.testng.internal.MethodInvocationHelper.invokeMethod(MethodInvocationHelper.java:124)at org.testng.internal.Invoker.invokeMethod(Invoker.java:571)at org.testng.internal.Invoker.invokeTestMethod(Invoker.java:707)at org.testng.internal.Invoker.invokeTestMethods(Invoker.java:979)at org.testng.internal.TestMethodWorker.invokeTestMethods(TestMethodWorker.java:125)at org.testng.internal.TestMethodWorker.run(TestMethodWorker.java:109)at org.testng.TestRunner.privateRun(TestRunner.java:648)at org.testng.TestRunner.run(TestRunner.java:505)at org.testng.SuiteRunner.runTest(SuiteRunner.java:455)at org.testng.SuiteRunner.runSequentially(SuiteRunner.java:450)at org.testng.SuiteRunner.privateRun(SuiteRunner.java:415)at org.testng.SuiteRunner.run(SuiteRunner.java:364)at org.testng.SuiteRunnerWorker.runSuite(SuiteRunnerWorker.java:52)at org.testng.SuiteRunnerWorker.run(SuiteRunnerWorker.java:84)at org.testng.TestNG.runSuitesSequentially(TestNG.java:1187)at org.testng.TestNG.runSuitesLocally(TestNG.java:1116)at org.testng.TestNG.runSuites(TestNG.java:1028)at org.testng.TestNG.run(TestNG.java:996)at org.testng.remote.AbstractRemoteTestNG.run(AbstractRemoteTestNG.java:114)at org.testng.remote.RemoteTestNG.initAndRun(RemoteTestNG.java:251)at org.testng.remote.RemoteTestNG.main(RemoteTestNG.java:77)]]>
            </full-stacktrace>
          </exception> <!-- org.openqa.selenium.InvalidSelectorException -->
          <reporter-output>
          </reporter-output>
        </test-method> <!-- addContact -->
      </class> <!-- com.num1.NewTest -->
    </test> <!-- Default test -->
  </suite> <!-- Default suite -->
</testng-results>
